app/build/intermediates/manifest_merge_blame_file/release/manifest-merger-blame-release-report.txt
1<?xml version="1.0" encoding="utf-8"?>
2<manifest xmlns:android="http://schemas.android.com/apk/res/android"
3    package="com.sqisland.android.espresso.hermetic"
4    android:versionCode="1"
5    android:versionName="1.0.0" >
6
7    <uses-sdk
8        android:minSdkVersion="17"
8-->src/main/AndroidManifest.xml
9        android:targetSdkVersion="29" />
9-->src/main/AndroidManifest.xml
10
11    <application
11-->src/main/AndroidManifest.xml:4:3-18:17
12        android:name="com.sqisland.android.espresso.hermetic.GreetingApplication"
12-->src/main/AndroidManifest.xml:6:7-42
13        android:allowBackup="false"
13-->src/main/AndroidManifest.xml:9:7-34
14        android:appComponentFactory="androidx.core.app.CoreComponentFactory"
14-->[androidx.core:core:1.1.0] AndroidManifest.xml:24:18-86
15        android:icon="@mipmap/ic_launcher"
15-->src/main/AndroidManifest.xml:7:7-41
16        android:label="@string/app_name"
16-->src/main/AndroidManifest.xml:5:7-39
17        android:theme="@style/AppTheme" >
17-->src/main/AndroidManifest.xml:8:7-38
18        <activity
18-->src/main/AndroidManifest.xml:10:5-17:16
19            android:name="com.sqisland.android.espresso.hermetic.MainActivity"
19-->src/main/AndroidManifest.xml:11:9-37
20            android:label="@string/app_name" >
20-->src/main/AndroidManifest.xml:12:9-41
21            <intent-filter>
21-->src/main/AndroidManifest.xml:13:7-16:23
22                <action android:name="android.intent.action.MAIN" />
22-->src/main/AndroidManifest.xml:14:9-60
22-->src/main/AndroidManifest.xml:14:17-58
23
24                <category android:name="android.intent.category.LAUNCHER" />
24-->src/main/AndroidManifest.xml:15:9-68
24-->src/main/AndroidManifest.xml:15:19-66
25            </intent-filter>
26        </activity>
27    </application>
28
29</manifest>